# JRE version: OpenJDK Runtime Environment Temurin-21.0.6+7 (21.0.6+7) (build 21.0.6+7-LTS)
# Java VM: OpenJDK 64-Bit Server VM Temurin-21.0.6+7 (21.0.6+7-LTS, mixed mode, sharing, tiered, compressed oops, compressed class ptrs, g1 gc, windows-amd64)
GC Precious Log:
 CardTable entry size: 512
 Card Set container configuration: InlinePtr #cards 5 size 8 Array Of Cards #cards 12 size 40 Howl #buckets 4 coarsen threshold 1843 Howl Bitmap #cards 512 size 80 coarsen threshold 460 Card regions per heap region 1 cards per card region 2048
 CPUs: 12 total, 12 available
 Memory: 5996M
 Large Page Support: Disabled
 NUMA Support: Disabled
 Compressed Oops: Enabled (32-bit)
 Heap Region Size: 1M
 Heap Min Capacity: 8M
 Heap Initial Capacity: 94M
 Heap Max Capacity: 1500M
 Pre-touch: Disabled
 Parallel Workers: 10
 Concurrent Workers: 3
 Concurrent Refinement Workers: 10
 Periodic GC: Disabled
Heap:
 garbage-first heap   total 78848K, used 55986K [0x00000000a2400000, 0x0000000100000000)
  region size 1024K, 29 young (29696K), 4 survivors (4096K)
 Metaspace       used 67401K, committed 68032K, reserved 1114112K
  class space    used 8857K, committed 9152K, reserved 1048576K
GC Heap History (20 events):
Event: 1.184 GC heap before
{Heap before GC invocations=0 (full 0):
 garbage-first heap   total 96256K, used 25600K [0x00000000a2400000, 0x0000000100000000)
  region size 1024K, 23 young (23552K), 0 survivors (0K)
 Metaspace       used 4729K, committed 4992K, reserved 1114112K
  class space    used 512K, committed 640K, reserved 1048576K
}
Event: 1.196 GC heap after
{Heap after GC invocations=1 (full 0):
 garbage-first heap   total 96256K, used 10978K [0x00000000a2400000, 0x0000000100000000)
  region size 1024K, 3 young (3072K), 3 survivors (3072K)
 Metaspace       used 4729K, committed 4992K, reserved 1114112K
  class space    used 512K, committed 640K, reserved 1048576K
}
Event: 2.047 GC heap before
{Heap before GC invocations=1 (full 0):
 garbage-first heap   total 96256K, used 35554K [0x00000000a2400000, 0x0000000100000000)
  region size 1024K, 28 young (28672K), 3 survivors (3072K)
 Metaspace       used 11938K, committed 12224K, reserved 1114112K
  class space    used 1407K, committed 1536K, reserved 1048576K
}
Event: 2.053 GC heap after
{Heap after GC invocations=2 (full 0):
 garbage-first heap   total 96256K, used 13129K [0x00000000a2400000, 0x0000000100000000)
  region size 1024K, 3 young (3072K), 3 survivors (3072K)
 Metaspace       used 11938K, committed 12224K, reserved 1114112K
  class space    used 1407K, committed 1536K, reserved 1048576K
}
Event: 2.999 GC heap before
{Heap before GC invocations=2 (full 0):
 garbage-first heap   total 96256K, used 54089K [0x00000000a2400000, 0x0000000100000000)
  region size 1024K, 44 young (45056K), 3 survivors (3072K)
 Metaspace       used 19788K, committed 20160K, reserved 1114112K
  class space    used 2348K, committed 2496K, reserved 1048576K
}
Event: 3.010 GC heap after
{Heap after GC invocations=3 (full 0):
 garbage-first heap   total 96256K, used 17408K [0x00000000a2400000, 0x0000000100000000)
  region size 1024K, 6 young (6144K), 6 survivors (6144K)
 Metaspace       used 19788K, committed 20160K, reserved 1114112K
  class space    used 2348K, committed 2496K, reserved 1048576K
}
Event: 3.389 GC heap before
{Heap before GC invocations=3 (full 0):
 garbage-first heap   total 96256K, used 27648K [0x00000000a2400000, 0x0000000100000000)
  region size 1024K, 17 young (17408K), 6 survivors (6144K)
 Metaspace       used 21161K, committed 21504K, reserved 1114112K
  class space    used 2501K, committed 2688K, reserved 1048576K
}
Event: 3.403 GC heap after
{Heap after GC invocations=4 (full 0):
 garbage-first heap   total 96256K, used 18897K [0x00000000a2400000, 0x0000000100000000)
  region size 1024K, 2 young (2048K), 2 survivors (2048K)
 Metaspace       used 21161K, committed 21504K, reserved 1114112K
  class space    used 2501K, committed 2688K, reserved 1048576K
}
Event: 4.747 GC heap before
{Heap before GC invocations=5 (full 0):
 garbage-first heap   total 65536K, used 55761K [0x00000000a2400000, 0x0000000100000000)
  region size 1024K, 38 young (38912K), 2 survivors (2048K)
 Metaspace       used 27901K, committed 28352K, reserved 1114112K
  class space    used 3572K, committed 3776K, reserved 1048576K
}
Event: 4.756 GC heap after
{Heap after GC invocations=6 (full 0):
 garbage-first heap   total 65536K, used 21848K [0x00000000a2400000, 0x0000000100000000)
  region size 1024K, 5 young (5120K), 5 survivors (5120K)
 Metaspace       used 27901K, committed 28352K, reserved 1114112K
  class space    used 3572K, committed 3776K, reserved 1048576K
}
Event: 5.618 GC heap before
{Heap before GC invocations=6 (full 0):
 garbage-first heap   total 65536K, used 51544K [0x00000000a2400000, 0x0000000100000000)
  region size 1024K, 34 young (34816K), 5 survivors (5120K)
 Metaspace       used 34451K, committed 35008K, reserved 1114112K
  class space    used 4382K, committed 4672K, reserved 1048576K
}
Event: 5.624 GC heap after
{Heap after GC invocations=7 (full 0):
 garbage-first heap   total 65536K, used 23772K [0x00000000a2400000, 0x0000000100000000)
  region size 1024K, 3 young (3072K), 3 survivors (3072K)
 Metaspace       used 34451K, committed 35008K, reserved 1114112K
  class space    used 4382K, committed 4672K, reserved 1048576K
}
Event: 5.723 GC heap before
{Heap before GC invocations=7 (full 0):
 garbage-first heap   total 65536K, used 26844K [0x00000000a2400000, 0x0000000100000000)
  region size 1024K, 7 young (7168K), 3 survivors (3072K)
 Metaspace       used 35485K, committed 35968K, reserved 1114112K
  class space    used 4558K, committed 4800K, reserved 1048576K
}
Event: 5.726 GC heap after
{Heap after GC invocations=8 (full 0):
 garbage-first heap   total 65536K, used 24234K [0x00000000a2400000, 0x0000000100000000)
  region size 1024K, 1 young (1024K), 1 survivors (1024K)
 Metaspace       used 35485K, committed 35968K, reserved 1114112K
  class space    used 4558K, committed 4800K, reserved 1048576K
}
Event: 6.688 GC heap before
{Heap before GC invocations=9 (full 0):
 garbage-first heap   total 65536K, used 53930K [0x00000000a2400000, 0x0000000100000000)
  region size 1024K, 30 young (30720K), 1 survivors (1024K)
 Metaspace       used 43362K, committed 43968K, reserved 1114112K
  class space    used 5686K, committed 5952K, reserved 1048576K
}
Event: 6.690 GC heap after
{Heap after GC invocations=10 (full 0):
 garbage-first heap   total 78848K, used 25870K [0x00000000a2400000, 0x0000000100000000)
  region size 1024K, 3 young (3072K), 3 survivors (3072K)
 Metaspace       used 43362K, committed 43968K, reserved 1114112K
  class space    used 5686K, committed 5952K, reserved 1048576K
}
Event: 7.633 GC heap before
{Heap before GC invocations=10 (full 0):
 garbage-first heap   total 78848K, used 65806K [0x00000000a2400000, 0x0000000100000000)
  region size 1024K, 43 young (44032K), 3 survivors (3072K)
 Metaspace       used 52795K, committed 53440K, reserved 1114112K
  class space    used 7065K, committed 7360K, reserved 1048576K
}
Event: 7.639 GC heap after
{Heap after GC invocations=11 (full 0):
 garbage-first heap   total 78848K, used 28933K [0x00000000a2400000, 0x0000000100000000)
  region size 1024K, 6 young (6144K), 6 survivors (6144K)
 Metaspace       used 52795K, committed 53440K, reserved 1114112K
  class space    used 7065K, committed 7360K, reserved 1048576K
}
Event: 8.564 GC heap before
{Heap before GC invocations=11 (full 0):
 garbage-first heap   total 78848K, used 63749K [0x00000000a2400000, 0x0000000100000000)
  region size 1024K, 41 young (41984K), 6 survivors (6144K)
 Metaspace       used 59653K, committed 60288K, reserved 1114112K
  class space    used 7961K, committed 8256K, reserved 1048576K
}
Event: 8.572 GC heap after
{Heap after GC invocations=12 (full 0):
 garbage-first heap   total 78848K, used 32434K [0x00000000a2400000, 0x0000000100000000)
  region size 1024K, 4 young (4096K), 4 survivors (4096K)
 Metaspace       used 59653K, committed 60288K, reserved 1114112K
  class space    used 7961K, committed 8256K, reserved 1048576K
}

